[2023-03-13T10:37:11.571Z] MongoServerError: E11000 duplicate key error collection: moneyok.users index: email_1 dup key: { email: "xalek.islam@gmail.com" }
[2023-03-13T10:37:17.892Z] MongoServerError: E11000 duplicate key error collection: moneyok.users index: email_1 dup key: { email: "xalek.islam@gmail.com" }
[2023-03-13T11:51:30.103Z] MongoServerError: E11000 duplicate key error collection: moneyok.users index: email_1 dup key: { email: "xalek.islam@gmail.com" }
[2023-03-13T14:46:38.111Z] MongoServerError: E11000 duplicate key error collection: moneyok.users index: email_1 dup key: { email: "xalek.islam@gmail.com" }
[2023-03-13T15:55:42.204Z] MongoServerError: E11000 duplicate key error collection: moneyok.users index: email_1 dup key: { email: "xalek.islam@gmail.com" }
[2023-03-14T11:48:56.081Z] MongoServerError: E11000 duplicate key error collection: moneyok.users index: email_1 dup key: { email: "xalek.islam@gmail.com" }
[2023-03-14T17:06:34.398Z] MongoServerError: E11000 duplicate key error collection: moneyok.users index: email_1 dup key: { email: "xalek.islam@gmail.com" }
[2023-03-14T21:22:36.797Z] MongoServerError: E11000 duplicate key error collection: moneyok.users index: email_1 dup key: { email: "xalek.islam@gmail.com" }
[2023-03-15T12:29:47.571Z] ValidationError: wallets.0: Cast to [ObjectId] failed for value "[\n' +
  '  {\n' +
  "    name: 'Example',\n" +
  "    id: 'ca075076-e080-44d0-ad2e-86e1cef17fd1',\n" +
  '    balance: 0\n' +
  '  }\n' +
  ']" (type string) at path "wallets.0" because of "CastError", categories.0: Cast to [ObjectId] failed for value "[\n' +
  '  {\n' +
  "    id: '1512580b-bb3d-43d3-8095-b55d457d631f',\n" +
  "    name: 'salary',\n" +
  "    type: 'income'\n" +
  '  },\n' +
  '  {\n' +
  "    id: '53e88ced-0987-4005-ae20-c1da9bd4b09a',\n" +
  "    name: 'clothes',\n" +
  "    type: 'expense'\n" +
  '  }\n' +
  ']" (type string) at path "categories.0" because of "CastError", transactions.0: Cast to [ObjectId] failed for value "[\n' +
  '  {\n' +
  "    id: '65bdcffd-fc56-4b25-bffe-f8251508952c',\n" +
  "    description: 'test income',\n" +
  '    amount: 100,\n' +
  "    type: 'income',\n" +
  "    categoryId: '1512580b-bb3d-43d3-8095-b55d457d631f',\n" +
  "    walletId: 'ca075076-e080-44d0-ad2e-86e1cef17fd1',\n" +
  '    date: 2023-03-15T12:29:47.551Z\n' +
  '  }\n' +
  ']" (type string) at path "transactions.0" because of "CastError"
[2023-03-15T12:30:22.177Z] ValidationError: wallets.0: Cast to [ObjectId] failed for value "[\n' +
  '  {\n' +
  "    name: 'Example',\n" +
  "    id: 'fa76a549-9644-40cb-81d0-8beb705d5928',\n" +
  '    balance: 0\n' +
  '  }\n' +
  ']" (type string) at path "wallets.0" because of "CastError", categories.0: Cast to [ObjectId] failed for value "[\n' +
  '  {\n' +
  "    id: '06f19d5a-eb8c-4db9-b4e6-34fe2bf94601',\n" +
  "    name: 'salary',\n" +
  "    type: 'income'\n" +
  '  },\n' +
  '  {\n' +
  "    id: 'bcb71515-5cc1-491d-b3c0-193fa52563af',\n" +
  "    name: 'clothes',\n" +
  "    type: 'expense'\n" +
  '  }\n' +
  ']" (type string) at path "categories.0" because of "CastError", transactions.0: Cast to [ObjectId] failed for value "[\n' +
  '  {\n' +
  "    id: '1362229a-8709-4d00-bb4e-e8564617c5ec',\n" +
  "    description: 'test income',\n" +
  '    amount: 100,\n' +
  "    type: 'income',\n" +
  "    categoryId: '06f19d5a-eb8c-4db9-b4e6-34fe2bf94601',\n" +
  "    walletId: 'fa76a549-9644-40cb-81d0-8beb705d5928',\n" +
  '    date: 2023-03-15T12:30:22.173Z\n' +
  '  }\n' +
  ']" (type string) at path "transactions.0" because of "CastError"
[2023-03-16T09:40:54.533Z] MongoServerError: E11000 duplicate key error collection: moneyok.users index: email_1 dup key: { email: "xalek.islam@gmail.com" }
[2023-03-29T15:14:02.961Z] MongoServerError: E11000 duplicate key error collection: moneyok.users index: id_1 dup key: { id: null }
[2023-04-07T21:54:34.776Z] MongoServerError: E11000 duplicate key error collection: moneyok.users index: id_1 dup key: { id: null }
[2023-04-07T21:54:46.066Z] MongoServerError: E11000 duplicate key error collection: moneyok.users index: id_1 dup key: { id: null }
[2023-04-07T21:55:05.512Z] MongoServerError: E11000 duplicate key error collection: moneyok.users index: id_1 dup key: { id: null }
[2023-04-07T21:55:22.707Z] MongoServerError: E11000 duplicate key error collection: moneyok.users index: id_1 dup key: { id: null }
[2023-04-07T21:58:30.549Z] MongoServerError: E11000 duplicate key error collection: moneyok.users index: id_1 dup key: { id: null }
[2023-04-07T22:01:17.843Z] MongoServerError: E11000 duplicate key error collection: moneyok.users index: id_1 dup key: { id: null }
[2023-04-07T22:01:20.669Z] MongoServerError: E11000 duplicate key error collection: moneyok.users index: id_1 dup key: { id: null }
[2023-04-07T22:01:45.354Z] MongoServerError: E11000 duplicate key error collection: moneyok.users index: id_1 dup key: { id: null }
[2023-04-07T22:03:45.435Z] MongoServerError: E11000 duplicate key error collection: moneyok.users index: id_1 dup key: { id: null }
[2023-04-07T22:03:56.532Z] MongoServerError: E11000 duplicate key error collection: moneyok.users index: id_1 dup key: { id: null }
[2023-04-07T22:04:11.570Z] MongoServerError: E11000 duplicate key error collection: moneyok.users index: id_1 dup key: { id: null }
[2023-04-07T22:09:02.010Z] MongoServerError: E11000 duplicate key error collection: moneyok.users index: id_1 dup key: { id: null }
[2023-04-07T22:11:35.101Z] MongoServerError: E11000 duplicate key error collection: moneyok.users index: id_1 dup key: { id: null }
[2023-04-07T22:13:40.544Z] MongoServerError: E11000 duplicate key error collection: moneyok.users index: id_1 dup key: { id: null }
[2023-04-07T22:15:01.216Z] MongoServerError: E11000 duplicate key error collection: moneyok.users index: id_1 dup key: { id: null }
[2023-04-07T22:24:07.035Z] MongoServerError: E11000 duplicate key error collection: moneyok.users index: email_1 dup key: { email: "xalek.islam@gmail.com" }
[2023-04-07T22:24:18.758Z] MongoServerError: E11000 duplicate key error collection: moneyok.users index: email_1 dup key: { email: "xalek.islam@gmail.cob" }
[2023-04-07T22:24:26.919Z] MongoServerError: E11000 duplicate key error collection: moneyok.users index: email_1 dup key: { email: "xalek.islam@gmail.com" }
[2023-04-07T22:34:17.464Z] MongoServerError: E11000 duplicate key error collection: moneyok.users index: email_1 dup key: { email: "xalek.islam@gmail.com" }
[2023-04-08T05:49:57.356Z] MongoServerError: E11000 duplicate key error collection: moneyok.users index: email_1 dup key: { email: "xalek.islam@gmail.com" }
[2023-04-08T13:26:54.841Z] MongoServerError: E11000 duplicate key error collection: moneyok.users index: email_1 dup key: { email: "xalek.islam@gmail.com" }
[2023-04-08T13:28:03.729Z] MongoServerError: E11000 duplicate key error collection: moneyok.users index: email_1 dup key: { email: "xalek.islam@gmail.com" }
[2023-04-08T13:42:29.594Z] MongoServerError: E11000 duplicate key error collection: moneyok.users index: email_1 dup key: { email: "xalek.islam@gmail.com" }
[2023-04-08T13:44:01.773Z] MongoServerError: E11000 duplicate key error collection: moneyok.users index: email_1 dup key: { email: "xalek.islam@gmail.com" }
[2023-04-08T13:45:20.276Z] MongoServerError: E11000 duplicate key error collection: moneyok.users index: email_1 dup key: { email: "xalek.islam@gmail.com" }
[2023-04-08T13:49:31.776Z] MongoServerError: E11000 duplicate key error collection: moneyok.users index: email_1 dup key: { email: "xalek.islam@gmail.com" }
[2023-04-08T13:54:17.331Z] MongoServerError: E11000 duplicate key error collection: moneyok.users index: googleId_1 dup key: { googleId: null }
[2023-04-08T13:54:29.250Z] MongoServerError: E11000 duplicate key error collection: moneyok.users index: googleId_1 dup key: { googleId: null }
[2023-04-08T13:54:50.944Z] MongoServerError: E11000 duplicate key error collection: moneyok.users index: googleId_1 dup key: { googleId: null }
[2023-04-08T13:55:48.569Z] MongoServerError: E11000 duplicate key error collection: moneyok.users index: googleId_1 dup key: { googleId: null }
[2023-04-08T13:55:51.589Z] MongoServerError: E11000 duplicate key error collection: moneyok.users index: googleId_1 dup key: { googleId: null }
[2023-04-08T13:55:59.383Z] MongoServerError: E11000 duplicate key error collection: moneyok.users index: googleId_1 dup key: { googleId: null }
[2023-04-08T13:56:01.908Z] MongoServerError: E11000 duplicate key error collection: moneyok.users index: googleId_1 dup key: { googleId: null }
[2023-04-08T13:56:07.107Z] MongoServerError: E11000 duplicate key error collection: moneyok.users index: googleId_1 dup key: { googleId: null }
[2023-04-08T14:01:05.826Z] MongoServerError: E11000 duplicate key error collection: moneyok.users index: googleId_1 dup key: { googleId: "" }
[2023-04-08T14:01:14.063Z] MongoServerError: E11000 duplicate key error collection: moneyok.users index: googleId_1 dup key: { googleId: "" }
[2023-04-08T14:05:16.656Z] MongoServerError: E11000 duplicate key error collection: moneyok.users index: googleId_1 dup key: { googleId: null }
[2023-04-08T16:00:07.700Z] MongoServerError: E11000 duplicate key error collection: moneyok.users index: email_1 dup key: { email: "xalek.islam@gmail.com" }
[2023-04-08T16:00:28.332Z] MongoServerError: E11000 duplicate key error collection: moneyok.users index: googleId_1 dup key: { googleId: null }
[2023-04-08T16:00:38.615Z] MongoServerError: E11000 duplicate key error collection: moneyok.users index: googleId_1 dup key: { googleId: null }
[2023-04-09T11:19:31.439Z] MongoServerError: E11000 duplicate key error collection: moneyok.users index: email_1 dup key: { email: "xalek.islam@gmail.com" }
[2023-04-09T11:20:15.355Z] MongoServerError: E11000 duplicate key error collection: moneyok.users index: email_1 dup key: { email: "xalek.islam@gmail.com" }
[2023-04-09T11:25:00.300Z] MongoServerError: E11000 duplicate key error collection: moneyok.users index: email_1 dup key: { email: "xalek.islam@gmail.com" }
[2023-04-09T11:25:56.745Z] MongoServerError: E11000 duplicate key error collection: moneyok.users index: email_1 dup key: { email: "xalek.islam@gmail.com" }
[2023-04-09T11:38:59.676Z] MongoServerError: E11000 duplicate key error collection: moneyok.users index: email_1 dup key: { email: "xalek.islam@gmail.com" }
[2023-04-09T11:40:16.598Z] MongoServerError: E11000 duplicate key error collection: moneyok.users index: email_1 dup key: { email: "xalek.islam@gmail.com" }
[2023-04-09T11:43:31.294Z] MongoServerError: E11000 duplicate key error collection: moneyok.users index: email_1 dup key: { email: "xalek.islam@gmail.com" }
[2023-04-09T11:54:08.613Z] MongoServerError: E11000 duplicate key error collection: moneyok.users index: email_1 dup key: { email: "xalek.islam@gmail.com" }
[2023-04-09T11:57:21.977Z] MongoServerError: E11000 duplicate key error collection: moneyok.users index: email_1 dup key: { email: "xalek.islam@gmail.com" }
[2023-04-09T11:57:45.362Z] MongoServerError: E11000 duplicate key error collection: moneyok.users index: email_1 dup key: { email: "xalek.islam@gmail.com" }
[2023-04-09T11:58:10.789Z] MongoServerError: E11000 duplicate key error collection: moneyok.users index: email_1 dup key: { email: "xalek.islam@gmail.com" }
[2023-04-09T11:58:11.044Z] MongoServerError: E11000 duplicate key error collection: moneyok.users index: email_1 dup key: { email: "xalek.islam@gmail.com" }
[2023-04-09T11:58:32.450Z] MongoServerError: E11000 duplicate key error collection: moneyok.users index: email_1 dup key: { email: "xalek.islam@gmail.com" }
[2023-04-09T11:58:37.151Z] MongoNetworkError: connection 7 to 16.170.78.178:27017 closed
[2023-04-09T11:58:39.734Z] MongoNetworkTimeoutError: connection timed out
[2023-04-09T11:58:57.194Z] MongoServerError: E11000 duplicate key error collection: moneyok.users index: email_1 dup key: { email: "xalek.islam@gmail.com" }
